0 info it worked if it ends with ok
1 verbose cli [ 'C:\\Program Files\\nodejs\\node.exe',
1 verbose cli   'C:\\Program Files\\nodejs\\node_modules\\npm\\bin\\npm-cli.js',
1 verbose cli   'start' ]
2 info using npm@3.10.10
3 info using node@v6.11.2
4 verbose run-script [ 'prestart', 'start', 'poststart' ]
5 info lifecycle zhajinhuaservertutorial@0.0.0~prestart: zhajinhuaservertutorial@0.0.0
6 silly lifecycle zhajinhuaservertutorial@0.0.0~prestart: no script for prestart, continuing
7 info lifecycle zhajinhuaservertutorial@0.0.0~start: zhajinhuaservertutorial@0.0.0
8 verbose lifecycle zhajinhuaservertutorial@0.0.0~start: unsafe-perm in lifecycle true
9 verbose lifecycle zhajinhuaservertutorial@0.0.0~start: PATH: C:\Program Files\nodejs\node_modules\npm\bin\node-gyp-bin;D:\workspace\zhajinhuaTutorial\zhajinhuaServerTutorial\node_modules\.bin;C:\ProgramData\Oracle\Java\javapath;C:\Program Files (x86)\Common Files\Intel\Shared Files\cpp\bin\Intel64;C:\Windows\system32;C:\Windows;C:\Windows\System32\Wbem;C:\Windows\System32\WindowsPowerShell\v1.0\;C:\Program Files (x86)\GtkSharp\2.12\bin;C:\Python27;C:\Program Files\Microsoft SQL Server\110\Tools\Binn\;C:\Program Files\Microsoft SQL Server\120\Tools\Binn\;C:\Windows\system32\config\systemprofile\.dnx\bin;C:\Program Files\Microsoft DNX\Dnvm\;C:\Program Files (x86)\NVIDIA Corporation\PhysX\Common;C:\WINDOWS\system32;C:\WINDOWS;C:\WINDOWS\System32\Wbem;C:\WINDOWS\System32\WindowsPowerShell\v1.0\;C:\Program Files\Common Files\Autodesk Shared\;C:\Program Files (x86)\Common Files\Autodesk Shared\;C:\Program Files\Microsoft SQL Server\130\Tools\Binn\;C:\Program Files (x86)\Windows Kits\10\Windows Performance Toolkit\;C:\Program Files (x86)\Autodesk\Backburner\;C:\Program Files\nodejs\;C:\Cocos\Cocos2d-x\Cocos2d-x-3.10\templates;C:\Cocos\Cocos2d-x\Cocos2d-x-3.10\tools\cocos2d-console\bin;C:\Users\chu\AppData\Local\Microsoft\WindowsApps;C:\Users\chu\AppData\Roaming\npm;C:\Users\chu\AppData\Roaming\npm;C:\Program Files (x86)\Microsoft VS Code\bin
10 verbose lifecycle zhajinhuaservertutorial@0.0.0~start: CWD: D:\workspace\zhajinhuaTutorial\zhajinhuaServerTutorial
11 silly lifecycle zhajinhuaservertutorial@0.0.0~start: Args: [ '/d /s /c', 'node ./bin/www' ]
12 silly lifecycle zhajinhuaservertutorial@0.0.0~start: Returned: code: 3221225786  signal: null
13 info lifecycle zhajinhuaservertutorial@0.0.0~start: Failed to exec start script
14 verbose stack Error: zhajinhuaservertutorial@0.0.0 start: `node ./bin/www`
14 verbose stack Exit status 3221225786
14 verbose stack     at EventEmitter.<anonymous> (C:\Program Files\nodejs\node_modules\npm\lib\utils\lifecycle.js:255:16)
14 verbose stack     at emitTwo (events.js:106:13)
14 verbose stack     at EventEmitter.emit (events.js:191:7)
14 verbose stack     at ChildProcess.<anonymous> (C:\Program Files\nodejs\node_modules\npm\lib\utils\spawn.js:40:14)
14 verbose stack     at emitTwo (events.js:106:13)
14 verbose stack     at ChildProcess.emit (events.js:191:7)
14 verbose stack     at maybeClose (internal/child_process.js:891:16)
14 verbose stack     at Process.ChildProcess._handle.onexit (internal/child_process.js:226:5)
15 verbose pkgid zhajinhuaservertutorial@0.0.0
16 verbose cwd D:\workspace\zhajinhuaTutorial\zhajinhuaServerTutorial
17 error Windows_NT 10.0.14393
18 error argv "C:\\Program Files\\nodejs\\node.exe" "C:\\Program Files\\nodejs\\node_modules\\npm\\bin\\npm-cli.js" "start"
19 error node v6.11.2
20 error npm  v3.10.10
21 error code ELIFECYCLE
22 error zhajinhuaservertutorial@0.0.0 start: `node ./bin/www`
22 error Exit status 3221225786
23 error Failed at the zhajinhuaservertutorial@0.0.0 start script 'node ./bin/www'.
23 error Make sure you have the latest version of node.js and npm installed.
23 error If you do, this is most likely a problem with the zhajinhuaservertutorial package,
23 error not with npm itself.
23 error Tell the author that this fails on your system:
23 error     node ./bin/www
23 error You can get information on how to open an issue for this project with:
23 error     npm bugs zhajinhuaservertutorial
23 error Or if that isn't available, you can get their info via:
23 error     npm owner ls zhajinhuaservertutorial
23 error There is likely additional logging output above.
24 verbose exit [ 1, true ]
